<?xml version="1.0" encoding="UTF-8"?>
<!-- Generated by org.testng.reporters.JUnitReportReporter -->
<testsuite hostname="DESKTOP-SDBG9IR" failures="0" tests="1" name="tests.TC03_Update_User" time="1.836" errors="0" timestamp="2025-07-03T12:33:09 IST" skipped="0">
  <testcase classname="tests.TC03_Update_User" name="UpdateUser" time="1.836"/>
</testsuite> <!-- tests.TC03_Update_User -->
