<?xml version="1.0" encoding="UTF-8"?>
<!-- Generated by org.testng.reporters.JUnitReportReporter -->
<testsuite hostname="DESKTOP-SDBG9IR" failures="0" tests="1" name="tests.TC04_User_Login" time="1.799" errors="0" timestamp="2025-07-03T12:33:09 IST" skipped="0">
  <testcase classname="tests.TC04_User_Login" name="userLogin" time="1.799"/>
</testsuite> <!-- tests.TC04_User_Login -->
