<?xml version="1.0" encoding="UTF-8"?>
<!-- Generated by org.testng.reporters.JUnitReportReporter -->
<testsuite hostname="DESKTOP-SDBG9IR" failures="0" tests="1" name="tests.TC08_Update_Contact" time="1.389" errors="0" timestamp="2025-07-02T22:59:34 IST" skipped="0">
  <testcase classname="tests.TC08_Update_Contact" name="UpdateContact" time="1.389"/>
</testsuite> <!-- tests.TC08_Update_Contact -->
