<?xml version="1.0" encoding="UTF-8"?>
<!-- Generated by org.testng.reporters.JUnitReportReporter -->
<testsuite hostname="DESKTOP-SDBG9IR" failures="0" tests="1" name="tests.TC09_Update_Contact_Patch" time="1.738" errors="0" timestamp="2025-07-03T12:33:09 IST" skipped="0">
  <testcase classname="tests.TC09_Update_Contact_Patch" name="UpdateContactPatch" time="1.738"/>
</testsuite> <!-- tests.TC09_Update_Contact_Patch -->
