<?xml version="1.0" encoding="UTF-8"?>
<!-- Generated by org.testng.reporters.JUnitReportReporter -->
<testsuite hostname="DESKTOP-SDBG9IR" failures="0" tests="1" name="tests.TC07_Get_Contact" time="2.100" errors="0" timestamp="2025-07-03T12:33:09 IST" skipped="0">
  <testcase classname="tests.TC07_Get_Contact" name="getContact" time="2.100"/>
</testsuite> <!-- tests.TC07_Get_Contact -->
