<?xml version="1.0" encoding="UTF-8"?>
<!-- Generated by org.testng.reporters.JUnitReportReporter -->
<testsuite hostname="DESKTOP-SDBG9IR" failures="0" tests="1" name="tests.TC06_Get_Contact_List" time="1.371" errors="0" timestamp="2025-07-03T15:42:11 IST" skipped="0">
  <testcase classname="tests.TC06_Get_Contact_List" name="getContactList" time="1.371"/>
</testsuite> <!-- tests.TC06_Get_Contact_List -->
