<?xml version="1.0" encoding="UTF-8"?>
<!-- Generated by org.testng.reporters.JUnitReportReporter -->
<testsuite hostname="DESKTOP-SDBG9IR" failures="0" tests="1" name="tests.TC02_Get_User_Profile" time="1.422" errors="0" timestamp="2025-07-03T15:42:11 IST" skipped="0">
  <testcase classname="tests.TC02_Get_User_Profile" name="GetUser" time="1.422"/>
</testsuite> <!-- tests.TC02_Get_User_Profile -->
