<?xml version="1.0" encoding="UTF-8"?>
<!-- Generated by org.testng.reporters.JUnitReportReporter -->
<testsuite hostname="DESKTOP-SDBG9IR" failures="0" tests="1" name="tests.TC05_Add_Contact" time="1.404" errors="0" timestamp="2025-07-03T15:42:11 IST" skipped="0">
  <testcase classname="tests.TC05_Add_Contact" name="addContact" time="1.404"/>
</testsuite> <!-- tests.TC05_Add_Contact -->
